================================================================================
🎬 Starting dataset conversion for Ground-A-Video
================================================================================
📁 Assets directory: assets
📋 Default config: n_frames=8, start=0, rate=1
================================================================================


================================================================================
📂 Processing category: o2o
================================================================================
Found 6 samples in o2o

📹 Processing o2o/3ball: 86 frames
   Config: n_sample_frames=15, start_frame=0, rate=4
   Sampled frame indices: [0, 4, 8, 12, 16, 20, 24, 28, 32, 36, 40, 44, 48, 52, 56]
   Found 3 objects: ['obj1', 'obj2', 'obj3']
   Copying frames to video_images/o2o/3ball
   Saving config to video_configs/o2o/3ball.yaml
✅ Successfully processed o2o/3ball

📹 Processing o2o/car_truck: 124 frames
   Config: n_sample_frames=0, start_frame=15, rate=6
   Sampled frame indices: []
   Found 2 objects: ['obj1', 'obj2']
   Copying frames to video_images/o2o/car_truck
   Saving config to video_configs/o2o/car_truck.yaml
✅ Successfully processed o2o/car_truck

📹 Processing o2o/cloth-bag: 192 frames
   Config: n_sample_frames=15, start_frame=70, rate=5
   Sampled frame indices: [70, 75, 80, 85, 90, 95, 100, 105, 110, 115, 120, 125, 130, 135, 140]
   Found 2 objects: ['obj1', 'obj2']
   Copying frames to video_images/o2o/cloth-bag
   Saving config to video_configs/o2o/cloth-bag.yaml
✅ Successfully processed o2o/cloth-bag

📹 Processing o2o/dog-cat: 150 frames
   Config: n_sample_frames=15, start_frame=30, rate=6
   Sampled frame indices: [30, 36, 42, 48, 54, 60, 66, 72, 78, 84, 90, 96, 102, 108, 114]
   Found 2 objects: ['obj1', 'obj2']
   Copying frames to video_images/o2o/dog-cat
   Saving config to video_configs/o2o/dog-cat.yaml
✅ Successfully processed o2o/dog-cat

📹 Processing o2o/elephant: 249 frames
   Config: n_sample_frames=15, start_frame=100, rate=6
   Sampled frame indices: [100, 106, 112, 118, 124, 130, 136, 142, 148, 154, 160, 166, 172, 178, 184]
   Found 2 objects: ['obj1', 'obj2']
   Copying frames to video_images/o2o/elephant
   Saving config to video_configs/o2o/elephant.yaml
✅ Successfully processed o2o/elephant

📹 Processing o2o/hair: 41 frames
   Config: n_sample_frames=15, start_frame=5, rate=2
   Sampled frame indices: [5, 7, 9, 11, 13, 15, 17, 19, 21, 23, 25, 27, 29, 31, 33]
   Found 2 objects: ['obj1', 'obj2']
   Copying frames to video_images/o2o/hair
   Saving config to video_configs/o2o/hair.yaml
✅ Successfully processed o2o/hair


================================================================================
📂 Processing category: o2p
================================================================================
Found 3 samples in o2p

📹 Processing o2p/Charlie-pillar: 113 frames
   Config: n_sample_frames=15, start_frame=60, rate=3
   Sampled frame indices: [60, 63, 66, 69, 72, 75, 78, 81, 84, 87, 90, 93, 96, 99, 102]
   Found 3 objects: ['obj1', 'obj2', 'obj3']
   Copying frames to video_images/o2p/Charlie-pillar
   Saving config to video_configs/o2p/Charlie-pillar.yaml
✅ Successfully processed o2p/Charlie-pillar

📹 Processing o2p/man-obj-horizontal: 145 frames
   Config: n_sample_frames=15, start_frame=40, rate=4
   Sampled frame indices: [40, 44, 48, 52, 56, 60, 64, 68, 72, 76, 80, 84, 88, 92, 96]
   Found 2 objects: ['obj1', 'obj2']
   Copying frames to video_images/o2p/man-obj-horizontal
   Saving config to video_configs/o2p/man-obj-horizontal.yaml
✅ Successfully processed o2p/man-obj-horizontal

📹 Processing o2p/woman_car: 91 frames
   Config: n_sample_frames=15, start_frame=20, rate=4
   Sampled frame indices: [20, 24, 28, 32, 36, 40, 44, 48, 52, 56, 60, 64, 68, 72, 76]
   Found 3 objects: ['obj1', 'obj2', 'obj3']
   Copying frames to video_images/o2p/woman_car
   Saving config to video_configs/o2p/woman_car.yaml
✅ Successfully processed o2p/woman_car


================================================================================
📂 Processing category: p2p
================================================================================
Found 4 samples in p2p

📹 Processing p2p/chinese_palace: 77 frames
   Config: n_sample_frames=15, start_frame=0, rate=5
   Sampled frame indices: [0, 5, 10, 15, 20, 25, 30, 35, 40, 45, 50, 55, 60, 65, 70]
   Found 2 objects: ['obj1', 'obj2']
   Copying frames to video_images/p2p/chinese_palace
   Saving config to video_configs/p2p/chinese_palace.yaml
✅ Successfully processed p2p/chinese_palace

📹 Processing p2p/lalaland: 65 frames
   Config: n_sample_frames=15, start_frame=0, rate=5
   ⚠️  Warning: Requested frame 65 exceeds total frames 65
   ⚠️  Warning: Only sampled 13 frames (requested 15)
   Sampled frame indices: [0, 5, 10, 15, 20, 25, 30, 35, 40, 45, 50, 55, 60]
   Found 2 objects: ['obj1', 'obj2']
   Copying frames to video_images/p2p/lalaland
   Saving config to video_configs/p2p/lalaland.yaml
✅ Successfully processed p2p/lalaland

📹 Processing p2p/n_u_c_s: 40 frames
   Config: n_sample_frames=12, start_frame=5, rate=2
   Sampled frame indices: [5, 7, 9, 11, 13, 15, 17, 19, 21, 23, 25, 27]
   Found 2 objects: ['obj1', 'obj2']
   Copying frames to video_images/p2p/n_u_c_s
   Saving config to video_configs/p2p/n_u_c_s.yaml
✅ Successfully processed p2p/n_u_c_s

📹 Processing p2p/u_name: 83 frames
   Config: n_sample_frames=15, start_frame=0, rate=5
   Sampled frame indices: [0, 5, 10, 15, 20, 25, 30, 35, 40, 45, 50, 55, 60, 65, 70]
   Found 2 objects: ['obj1', 'obj2']
   Copying frames to video_images/p2p/u_name
   Saving config to video_configs/p2p/u_name.yaml
✅ Successfully processed p2p/u_name

================================================================================
📊 CONVERSION SUMMARY
================================================================================
✅ Successfully processed: 13 samples
❌ Failed: 0 samples
📁 Output directories:
   - Frames: video_images
   - Configs: video_configs

⚠️  NOTE: Please update the 'prompt' and 'source_prompt' fields in the
   generated YAML files with appropriate descriptions for each video.
================================================================================